<?xml version="1.0" encoding="UTF-8"?>
<testsuite name="pt.isel.YamlArgTest" tests="2" skipped="0" failures="0" errors="0" timestamp="2024-06-11T11:04:30" hostname="cocas" time="0.018">
  <properties/>
  <testcase name="parseBirth()" classname="pt.isel.YamlArgTest" time="0.014"/>
  <testcase name="testAnnotation()" classname="pt.isel.YamlArgTest" time="0.002"/>
  <system-out><![CDATA[]]></system-out>
  <system-err><![CDATA[]]></system-err>
</testsuite>
