<?xml version="1.0" encoding="UTF-8"?>
<testsuite xmlns:xsi="http://www.w3.org/2001/XMLSchema-instance" xsi:noNamespaceSchemaLocation="https://maven.apache.org/surefire/maven-surefire-plugin/xsd/surefire-test-report.xsd" name="isel.sisinf.dal.lab.AppTest" time="0.756" tests="4" errors="0" skipped="0" failures="0">
  <properties>
    <property name="java.specification.version" value="21"/>
    <property name="sun.jnu.encoding" value="UTF-8"/>
    <property name="java.class.path" value="/Users/datia/Data/Clouds/PersonalDrive/Isel/Aulas/SisInf/2023-2024-2/labs/TP12/dal.lab/target/test-classes:/Users/datia/Data/Clouds/PersonalDrive/Isel/Aulas/SisInf/2023-2024-2/labs/TP12/dal.lab/target/classes:/Users/datia/.m2/repository/junit/junit/4.13.2/junit-4.13.2.jar:/Users/datia/.m2/repository/org/hamcrest/hamcrest-core/1.3/hamcrest-core-1.3.jar:/Users/datia/.m2/repository/org/eclipse/persistence/eclipselink/4.0.2/eclipselink-4.0.2.jar:/Users/datia/.m2/repository/jakarta/persistence/jakarta.persistence-api/3.1.0/jakarta.persistence-api-3.1.0.jar:/Users/datia/.m2/repository/jakarta/xml/bind/jakarta.xml.bind-api/4.0.0/jakarta.xml.bind-api-4.0.0.jar:/Users/datia/.m2/repository/com/sun/xml/bind/jaxb-xjc/4.0.3/jaxb-xjc-4.0.3.jar:/Users/datia/.m2/repository/com/sun/xml/bind/jaxb-core/4.0.3/jaxb-core-4.0.3.jar:/Users/datia/.m2/repository/org/eclipse/angus/angus-activation/2.0.1/angus-activation-2.0.1.jar:/Users/datia/.m2/repository/jakarta/activation/jakarta.activation-api/2.1.2/jakarta.activation-api-2.1.2.jar:/Users/datia/.m2/repository/org/postgresql/postgresql/42.7.3/postgresql-42.7.3.jar:/Users/datia/.m2/repository/org/checkerframework/checker-qual/3.42.0/checker-qual-3.42.0.jar:"/>
    <property name="java.vm.vendor" value="Homebrew"/>
    <property name="sun.arch.data.model" value="64"/>
    <property name="java.vendor.url" value="https://github.com/Homebrew/homebrew-core/issues"/>
    <property name="os.name" value="Mac OS X"/>
    <property name="java.vm.specification.version" value="21"/>
    <property name="sun.java.launcher" value="SUN_STANDARD"/>
    <property name="user.country" value="GB"/>
    <property name="sun.boot.library.path" value="/usr/local/Cellar/openjdk/21.0.3/libexec/openjdk.jdk/Contents/Home/lib"/>
    <property name="sun.java.command" value="/Users/datia/Data/Clouds/PersonalDrive/Isel/Aulas/SisInf/2023-2024-2/labs/TP12/dal.lab/target/surefire/surefirebooter8725860687181792647.jar /Users/datia/Data/Clouds/PersonalDrive/Isel/Aulas/SisInf/2023-2024-2/labs/TP12/dal.lab/target/surefire 2024-05-19T22-57-35_906-jvmRun1 surefire9882644220081174208tmp surefire_08734249921954837569tmp"/>
    <property name="http.nonProxyHosts" value="local|*.local|169.254/16|*.169.254/16"/>
    <property name="jdk.debug" value="release"/>
    <property name="surefire.test.class.path" value="/Users/datia/Data/Clouds/PersonalDrive/Isel/Aulas/SisInf/2023-2024-2/labs/TP12/dal.lab/target/test-classes:/Users/datia/Data/Clouds/PersonalDrive/Isel/Aulas/SisInf/2023-2024-2/labs/TP12/dal.lab/target/classes:/Users/datia/.m2/repository/junit/junit/4.13.2/junit-4.13.2.jar:/Users/datia/.m2/repository/org/hamcrest/hamcrest-core/1.3/hamcrest-core-1.3.jar:/Users/datia/.m2/repository/org/eclipse/persistence/eclipselink/4.0.2/eclipselink-4.0.2.jar:/Users/datia/.m2/repository/jakarta/persistence/jakarta.persistence-api/3.1.0/jakarta.persistence-api-3.1.0.jar:/Users/datia/.m2/repository/jakarta/xml/bind/jakarta.xml.bind-api/4.0.0/jakarta.xml.bind-api-4.0.0.jar:/Users/datia/.m2/repository/com/sun/xml/bind/jaxb-xjc/4.0.3/jaxb-xjc-4.0.3.jar:/Users/datia/.m2/repository/com/sun/xml/bind/jaxb-core/4.0.3/jaxb-core-4.0.3.jar:/Users/datia/.m2/repository/org/eclipse/angus/angus-activation/2.0.1/angus-activation-2.0.1.jar:/Users/datia/.m2/repository/jakarta/activation/jakarta.activation-api/2.1.2/jakarta.activation-api-2.1.2.jar:/Users/datia/.m2/repository/org/postgresql/postgresql/42.7.3/postgresql-42.7.3.jar:/Users/datia/.m2/repository/org/checkerframework/checker-qual/3.42.0/checker-qual-3.42.0.jar:"/>
    <property name="sun.cpu.endian" value="little"/>
    <property name="user.home" value="/Users/datia"/>
    <property name="user.language" value="en"/>
    <property name="java.specification.vendor" value="Oracle Corporation"/>
    <property name="java.version.date" value="2024-04-16"/>
    <property name="java.home" value="/usr/local/Cellar/openjdk/21.0.3/libexec/openjdk.jdk/Contents/Home"/>
    <property name="file.separator" value="/"/>
    <property name="basedir" value="/Users/datia/Data/Clouds/PersonalDrive/Isel/Aulas/SisInf/2023-2024-2/labs/TP12/dal.lab"/>
    <property name="java.vm.compressedOopsMode" value="Zero based"/>
    <property name="line.separator" value="&#10;"/>
    <property name="java.vm.specification.vendor" value="Oracle Corporation"/>
    <property name="java.specification.name" value="Java Platform API Specification"/>
    <property name="apple.awt.application.name" value="ForkedBooter"/>
    <property name="surefire.real.class.path" value="/Users/datia/Data/Clouds/PersonalDrive/Isel/Aulas/SisInf/2023-2024-2/labs/TP12/dal.lab/target/surefire/surefirebooter8725860687181792647.jar"/>
    <property name="sun.management.compiler" value="HotSpot 64-Bit Tiered Compilers"/>
    <property name="ftp.nonProxyHosts" value="local|*.local|169.254/16|*.169.254/16"/>
    <property name="java.runtime.version" value="21.0.3"/>
    <property name="user.name" value="datia"/>
    <property name="stdout.encoding" value="UTF-8"/>
    <property name="path.separator" value=":"/>
    <property name="os.version" value="14.4.1"/>
    <property name="java.runtime.name" value="OpenJDK Runtime Environment"/>
    <property name="file.encoding" value="UTF-8"/>
    <property name="java.vm.name" value="OpenJDK 64-Bit Server VM"/>
    <property name="java.vendor.version" value="Homebrew"/>
    <property name="localRepository" value="/Users/datia/.m2/repository"/>
    <property name="java.vendor.url.bug" value="https://github.com/Homebrew/homebrew-core/issues"/>
    <property name="java.io.tmpdir" value="/var/folders/px/73whtnp908j9qydwtwzt804h0000gn/T/"/>
    <property name="java.version" value="21.0.3"/>
    <property name="user.dir" value="/Users/datia/Data/Clouds/PersonalDrive/Isel/Aulas/SisInf/2023-2024-2/labs/TP12/dal.lab"/>
    <property name="os.arch" value="x86_64"/>
    <property name="java.vm.specification.name" value="Java Virtual Machine Specification"/>
    <property name="native.encoding" value="UTF-8"/>
    <property name="java.library.path" value="/Users/datia/Library/Java/Extensions:/Library/Java/Extensions:/Network/Library/Java/Extensions:/System/Library/Java/Extensions:/usr/lib/java:."/>
    <property name="java.vm.info" value="mixed mode, sharing"/>
    <property name="stderr.encoding" value="UTF-8"/>
    <property name="java.vendor" value="Homebrew"/>
    <property name="java.vm.version" value="21.0.3"/>
    <property name="sun.io.unicode.encoding" value="UnicodeBig"/>
    <property name="socksNonProxyHosts" value="local|*.local|169.254/16|*.169.254/16"/>
    <property name="java.class.version" value="65.0"/>
  </properties>
  <testcase name="CourseFindbyKey" classname="isel.sisinf.dal.lab.AppTest" time="0.7"/>
  <testcase name="StudentsFindbyKey" classname="isel.sisinf.dal.lab.AppTest" time="0.013"/>
  <testcase name="StudentRepoExists" classname="isel.sisinf.dal.lab.AppTest" time="0.004"/>
  <testcase name="CourseRepoExists" classname="isel.sisinf.dal.lab.AppTest" time="0.003"/>
</testsuite>